08/10-1998 11:54:33 CTServer v1.10 r1.54 Sep 30 1997 11:58:49 (c) 1997 CEBRA Technology A/S
08/10-1998 11:54:33 Starting ...
08/10-1998 11:54:33 CTServer v1.10 r1.54 Sep 30 1997 11:58:49 (c) 1997 CEBRA Technology A/S
08/10-1998 11:54:33 Closing ...
08/10-1998 11:54:33 Error(172): VXD not present in 155 of CTSERVER.CPP
23/10-1998 10:07:01 CTServer v1.10 r1.54 Sep 30 1997 11:58:49 (c) 1997 CEBRA Technology A/S
23/10-1998 10:07:01 Starting ...
23/10-1998 11:30:56 CTServer v1.10 r1.54 Sep 30 1997 11:58:49 (c) 1997 CEBRA Technology A/S
23/10-1998 11:30:56 Closing ...
23/10-1998 11:31:21 CTServer v1.10 r1.54 Sep 30 1997 11:58:49 (c) 1997 CEBRA Technology A/S
23/10-1998 11:31:21 Starting ...
23/10-1998 12:26:41 CTServer v1.10 r1.54 Sep 30 1997 11:58:49 (c) 1997 CEBRA Technology A/S
23/10-1998 12:26:41 Closing ...
24/10-1998 09:25:47 CTServer v1.10 r1.54 Sep 30 1997 11:58:49 (c) 1997 CEBRA Technology A/S
24/10-1998 09:25:47 Starting ...
24/10-1998 09:39:33 CTServer v1.10 r1.54 Sep 30 1997 11:58:49 (c) 1997 CEBRA Technology A/S
24/10-1998 09:39:33 Closing ...
04/11-1998 10:54:15 CTServer v1.10 r1.54 Sep 30 1997 11:58:49 (c) 1997 CEBRA Technology A/S
04/11-1998 10:54:15 Starting ...
04/11-1998 10:56:11 CTServer v1.10 r1.54 Sep 30 1997 11:58:49 (c) 1997 CEBRA Technology A/S
04/11-1998 10:56:11 Closing ...
04/11-1998 11:12:24 CTServer v1.10 r1.54 Sep 30 1997 11:58:49 (c) 1997 CEBRA Technology A/S
04/11-1998 11:12:24 Starting ...
04/11-1998 11:13:29 CTServer v1.10 r1.54 Sep 30 1997 11:58:49 (c) 1997 CEBRA Technology A/S
04/11-1998 11:13:29 Closing ...
01/01-1980 12:16:49 CTServer v1.10 r1.54 Sep 30 1997 11:58:49 (c) 1997 CEBRA Technology A/S
01/01-1980 12:16:49 Starting ...
01/01-1980 12:16:50 CTServer v1.10 r1.54 Sep 30 1997 11:58:49 (c) 1997 CEBRA Technology A/S
01/01-1980 12:16:50 Closing ...
01/01-1980 12:16:50 Error(151): Hardware device not present in 155 of CTSERVER.CPP
