Microsoft ScanDisk


Günlük dosyası 15.12.1998, 12:10 tarihinde üretildi.

ScanDisk sürücü D sürücüsünün hatalarını inceledi ve şunları buldu:

Dizin yapısı

         ScanDisk hiçbir sınama gerçekleştirmedi.
     
Dosya ayırma tablosu

         Hiçbir sorun bulamadı.
     
Dosya yapısı

         ScanDisk hiçbir sınama gerçekleştirmedi.
     
Yüzey taraması

         ScanDisk hiçbir sınama gerçekleştirmedi.
     


Microsoft ScanDisk


Günlük dosyası 16.12.1998, 15:23 tarihinde üretildi.

ScanDisk sürücü C sürücüsünün hatalarını inceledi ve şunları buldu:

Dizin yapısı

         Hiçbir sorun bulamadı.
     
Dosya ayırma tablosu

         Hiçbir sorun bulamadı.
     
Dosya yapısı

         Bir tane kayıp küme vardı.
         ScanDisk kayıp kümeyi boş alan olarak geri aldı.
     
Yüzey taraması

         ScanDisk hiçbir sınama gerçekleştirmedi.
     


Microsoft ScanDisk


Günlük dosyası 31.12.1998, 10:56 tarihinde üretildi.

ScanDisk sürücü C sürücüsünün hatalarını inceledi ve şunları buldu:

Dizin yapısı

         Hiçbir sorun bulamadı.
     
Dosya ayırma tablosu

         Hiçbir sorun bulamadı.
     
Dosya yapısı

         Bir zincirde 4 tane kayıp küme vardı.
         ScanDisk kayıp kümeleri boş alan olarak geri aldı.
     
Yüzey taraması

         ScanDisk hiçbir sınama gerçekleştirmedi.
     


Microsoft ScanDisk


Günlük dosyası 11.01.1999, 14:38 tarihinde üretildi.

ScanDisk sürücü C sürücüsünün hatalarını inceledi ve şunları buldu:

Dizin yapısı

         Hiçbir sorun bulamadı.
     
Dosya ayırma tablosu

         Hiçbir sorun bulamadı.
     
Dosya yapısı

         Hiçbir sorun bulamadı.
     
Yüzey taraması

         ScanDisk hiçbir sınama gerçekleştirmedi.
     


Microsoft ScanDisk


Günlük dosyası 09.02.1999, 15:43 tarihinde üretildi.

ScanDisk sürücü C sürücüsünün hatalarını inceledi ve şunları buldu:

Dizin yapısı

         Hiçbir sorun bulamadı.
     
Dosya ayırma tablosu

         Hiçbir sorun bulamadı.
     
Dosya yapısı

         Hiçbir sorun bulamadı.
     
Yüzey taraması

         ScanDisk hiçbir sınama gerçekleştirmedi.
     


Microsoft ScanDisk


Günlük dosyası 17.02.1999, 18:38 tarihinde üretildi.

ScanDisk sürücü C sürücüsünün hatalarını inceledi ve şunları buldu:

Dizin yapısı

         Hiçbir sorun bulamadı.
     
Dosya ayırma tablosu

         Hiçbir sorun bulamadı.
     
Dosya yapısı

         Hiçbir sorun bulamadı.
     
Yüzey taraması

         ScanDisk hiçbir sınama gerçekleştirmedi.
     


Microsoft ScanDisk


Günlük dosyası 01.03.1999, 14:14 tarihinde üretildi.

ScanDisk sürücü C sürücüsünün hatalarını inceledi ve şunları buldu:

Dizin yapısı

         Hiçbir sorun bulamadı.
     
Dosya ayırma tablosu

         Hiçbir sorun bulamadı.
     
Dosya yapısı

         Bir zincirde 4 tane kayıp küme vardı.
         ScanDisk kayıp kümeleri boş alan olarak geri aldı.
     
Yüzey taraması

         ScanDisk hiçbir sınama gerçekleştirmedi.
     


Microsoft ScanDisk


Günlük dosyası 12.04.1999, 16:35 tarihinde üretildi.

ScanDisk sürücü C sürücüsünün hatalarını inceledi ve şunları buldu:

Dizin yapısı

         Hiçbir sorun bulamadı.
     
Dosya ayırma tablosu

         Hiçbir sorun bulamadı.
     
Dosya yapısı

         Hiçbir sorun bulamadı.
     
Yüzey taraması

         ScanDisk hiçbir sınama gerçekleştirmedi.
     


Microsoft ScanDisk


Günlük dosyası 27.04.1999, 18:04 tarihinde üretildi.

ScanDisk sürücü C sürücüsünün hatalarını inceledi ve şunları buldu:

Dizin yapısı

         Hiçbir sorun bulamadı.
     
Dosya ayırma tablosu

         Hiçbir sorun bulamadı.
     
Dosya yapısı

         Hiçbir sorun bulamadı.
     
Yüzey taraması

         ScanDisk hiçbir sınama gerçekleştirmedi.
     


Microsoft ScanDisk


Günlük dosyası 21.05.1999, 13:28 tarihinde üretildi.

ScanDisk sürücü C sürücüsünün hatalarını inceledi ve şunları buldu:

Dizin yapısı

         Hiçbir sorun bulamadı.
     
Dosya ayırma tablosu

         Hiçbir sorun bulamadı.
     
Dosya yapısı

         Hiçbir sorun bulamadı.
     
Yüzey taraması

         ScanDisk hiçbir sınama gerçekleştirmedi.
     


Microsoft ScanDisk


Günlük dosyası 15.06.1999, 09:16 tarihinde üretildi.

ScanDisk sürücü C sürücüsünün hatalarını inceledi ve şunları buldu:

Dizin yapısı

         Hiçbir sorun bulamadı.
     
Dosya ayırma tablosu

         Hiçbir sorun bulamadı.
     
Dosya yapısı

         Hiçbir sorun bulamadı.
     
Yüzey taraması

         ScanDisk hiçbir sınama gerçekleştirmedi.
     


Microsoft ScanDisk


Günlük dosyası 20.06.1999, 12:39 tarihinde üretildi.

ScanDisk sürücü C sürücüsünün hatalarını inceledi ve şunları buldu:

Dizin yapısı

         Hiçbir sorun bulamadı.
     
Dosya ayırma tablosu

         Hiçbir sorun bulamadı.
     
Dosya yapısı

         Hiçbir sorun bulamadı.
     
Yüzey taraması

         ScanDisk hiçbir sınama gerçekleştirmedi.
     


Microsoft ScanDisk


Günlük dosyası 25.06.1999, 09:44 tarihinde üretildi.

ScanDisk sürücü C sürücüsünün hatalarını inceledi ve şunları buldu:

Dizin yapısı

         Hiçbir sorun bulamadı.
     
Dosya ayırma tablosu

         Hiçbir sorun bulamadı.
     
Dosya yapısı

         Hiçbir sorun bulamadı.
     
Yüzey taraması

         ScanDisk hiçbir sınama gerçekleştirmedi.
     


Microsoft ScanDisk


Günlük dosyası 26.07.1999, 12:01 tarihinde üretildi.

ScanDisk sürücü C sürücüsünün hatalarını inceledi ve şunları buldu:

Dizin yapısı

         Hiçbir sorun bulamadı.
     
Dosya ayırma tablosu

         Hiçbir sorun bulamadı.
     
Dosya yapısı

         Hiçbir sorun bulamadı.
     
Yüzey taraması

         ScanDisk hiçbir sınama gerçekleştirmedi.
     


Microsoft ScanDisk


Günlük dosyası 13.08.1999, 10:39 tarihinde üretildi.

ScanDisk sürücü C sürücüsünün hatalarını inceledi ve şunları buldu:

Dizin yapısı

         Hiçbir sorun bulamadı.
     
Dosya ayırma tablosu

         Hiçbir sorun bulamadı.
     
Dosya yapısı

         Hiçbir sorun bulamadı.
     
Yüzey taraması

         ScanDisk hiçbir sınama gerçekleştirmedi.
     


ScanDisk sürücü D sürücüsünün hatalarını inceledi ve şunları buldu:

Dizin yapısı

         Hiçbir sorun bulamadı.
     
Dosya ayırma tablosu

         Hiçbir sorun bulamadı.
     
Dosya yapısı

         Boş alan hatalı olarak bildirildi.
         ScanDisk boş alan sayımını başarıyla sabitledi.
     
Yüzey taraması

         ScanDisk hiçbir sınama gerçekleştirmedi.
     


Microsoft ScanDisk


Günlük dosyası 23.08.1999, 16:52 tarihinde üretildi.

ScanDisk sürücü C sürücüsünün hatalarını inceledi ve şunları buldu:

Dizin yapısı

         Hiçbir sorun bulamadı.
     
Dosya ayırma tablosu

         Hiçbir sorun bulamadı.
     
Dosya yapısı

         Hiçbir sorun bulamadı.
     
Yüzey taraması

         ScanDisk hiçbir sınama gerçekleştirmedi.
     


Microsoft ScanDisk


Günlük dosyası 27.08.1999, 10:47 tarihinde üretildi.

ScanDisk sürücü C sürücüsünün hatalarını inceledi ve şunları buldu:

Dizin yapısı

         Hiçbir sorun bulamadı.
     
Dosya ayırma tablosu

         Hiçbir sorun bulamadı.
     
Dosya yapısı

         Hiçbir sorun bulamadı.
     
Yüzey taraması

         ScanDisk hiçbir sınama gerçekleştirmedi.
     


Microsoft ScanDisk


Günlük dosyası 06.10.1999, 10:42 tarihinde üretildi.

ScanDisk sürücü C sürücüsünün hatalarını inceledi ve şunları buldu:

Dizin yapısı

         Hiçbir sorun bulamadı.
     
Dosya ayırma tablosu

         Hiçbir sorun bulamadı.
     
Dosya yapısı

         Bir zincirde 4 tane kayıp küme vardı.
         ScanDisk kayıp kümeleri boş alan olarak geri aldı.
     
Yüzey taraması

         ScanDisk hiçbir sınama gerçekleştirmedi.
     


Microsoft ScanDisk


Günlük dosyası 29.03.2000, 18:09 tarihinde üretildi.

ScanDisk sürücü C sürücüsünün hatalarını inceledi ve şunları buldu:

Dizin yapısı

         Dizin girdisi C:\WINDOWS\SHELLI~1 yanlış bir boyuta sahipti.
         ScanDisk dizin girdisini başarıyla düzeltti.
     
Dosya ayırma tablosu

         FAT'in #2 kopyası güncel değil.
         ScanDisk çift FAT'i başarıyla güncelleştirdi.
     
         Dizin girdisi C:\WINDOWS\SHELLI~1 geçersiz bir FAT zincirine sahip.
         ScanDisk FAT zincirini keserek düzeltti.
     
Dosya yapısı

         Bir zincirde 3 tane kayıp küme vardı.
         ScanDisk kayıp kümeleri boş alan olarak geri aldı.
     
Yüzey taraması

         ScanDisk hiçbir sınama gerçekleştirmedi.
     


Microsoft ScanDisk


Günlük dosyası 05.05.2000, 10:29 tarihinde üretildi.

ScanDisk sürücü C sürücüsünün hatalarını inceledi ve şunları buldu:

Dizin yapısı

         Hiçbir sorun bulamadı.
     
Dosya ayırma tablosu

         Hiçbir sorun bulamadı.
     
Dosya yapısı

         Hiçbir sorun bulamadı.
     
Yüzey taraması

         ScanDisk hiçbir sınama gerçekleştirmedi.
     


Microsoft ScanDisk


Günlük dosyası 20.07.2000, 14:00 tarihinde üretildi.

ScanDisk sürücü C sürücüsünün hatalarını inceledi ve şunları buldu:

Dizin yapısı

         Hiçbir sorun bulamadı.
     
Dosya ayırma tablosu

         Hiçbir sorun bulamadı.
     
Dosya yapısı

         Hiçbir sorun bulamadı.
     
Yüzey taraması

         ScanDisk hiçbir sınama gerçekleştirmedi.
     


ScanDisk sürücü D sürücüsünün hatalarını inceledi ve şunları buldu:

Dizin yapısı

         Hiçbir sorun bulamadı.
     
Dosya ayırma tablosu

         Hiçbir sorun bulamadı.
     
Dosya yapısı

         Boş alan hatalı olarak bildirildi.
         ScanDisk boş alan sayımını başarıyla sabitledi.
     
Yüzey taraması

         ScanDisk hiçbir sınama gerçekleştirmedi.
     


Microsoft ScanDisk


Günlük dosyası 23.08.2000, 16:16 tarihinde üretildi.

ScanDisk sürücü C sürücüsünün hatalarını inceledi ve şunları buldu:

Dizin yapısı

         Hiçbir sorun bulamadı.
     
Dosya ayırma tablosu

         Hiçbir sorun bulamadı.
     
Dosya yapısı

         Hiçbir sorun bulamadı.
     
Yüzey taraması

         ScanDisk hiçbir sınama gerçekleştirmedi.
     


Microsoft ScanDisk


Günlük dosyası 19.10.2000, 14:13 tarihinde üretildi.

ScanDisk sürücü C sürücüsünün hatalarını inceledi ve şunları buldu:

Dizin yapısı

         ScanDisk hiçbir sınama gerçekleştirmedi.
     
Dosya ayırma tablosu

         Hiçbir sorun bulamadı.
     
Dosya yapısı

         ScanDisk hiçbir sınama gerçekleştirmedi.
     
Yüzey taraması

         ScanDisk hiçbir sınama gerçekleştirmedi.
     


Microsoft ScanDisk


Günlük dosyası 20.10.2000, 15:44 tarihinde üretildi.

ScanDisk sürücü C sürücüsünün hatalarını inceledi ve şunları buldu:

Dizin yapısı

         Hiçbir sorun bulamadı.
     
Dosya ayırma tablosu

         Hiçbir sorun bulamadı.
     
Dosya yapısı

         Hiçbir sorun bulamadı.
     
Yüzey taraması

         ScanDisk hiçbir sınama gerçekleştirmedi.
     


Microsoft ScanDisk


Günlük dosyası 27.10.2000, 17:47 tarihinde üretildi.

ScanDisk sürücü C sürücüsünün hatalarını inceledi ve şunları buldu:

Dizin yapısı

         Hiçbir sorun bulamadı.
     
Dosya ayırma tablosu

         Hiçbir sorun bulamadı.
     
Dosya yapısı

         Hiçbir sorun bulamadı.
     
Yüzey taraması

         ScanDisk hiçbir sınama gerçekleştirmedi.
     


Microsoft ScanDisk


Günlük dosyası 29.11.2000, 13:48 tarihinde üretildi.

ScanDisk sürücü C sürücüsünün hatalarını inceledi ve şunları buldu:

Dizin yapısı

         Hiçbir sorun bulamadı.
     
Dosya ayırma tablosu

         Hiçbir sorun bulamadı.
     
Dosya yapısı

         2 zincirde 8 kayıp küme vardı.
         ScanDisk kayıp kümeleri boş alan olarak geri aldı.
     
Yüzey taraması

         ScanDisk hiçbir sınama gerçekleştirmedi.
     


Microsoft ScanDisk


Günlük dosyası 30.11.2000, 08:13 tarihinde üretildi.

ScanDisk sürücü C sürücüsünün hatalarını inceledi ve şunları buldu:

Dizin yapısı

         Hiçbir sorun bulamadı.
     
Dosya ayırma tablosu

         Hiçbir sorun bulamadı.
     
Dosya yapısı

         Bir zincirde 6 tane kayıp küme vardı.
         ScanDisk kayıp kümeleri boş alan olarak geri aldı.
     
Yüzey taraması

         ScanDisk hiçbir sınama gerçekleştirmedi.
     


Microsoft ScanDisk


Günlük dosyası 20.12.2000, 15:50 tarihinde üretildi.

ScanDisk sürücü C sürücüsünün hatalarını inceledi ve şunları buldu:

Dizin yapısı

         Hiçbir sorun bulamadı.
     
Dosya ayırma tablosu

         Hiçbir sorun bulamadı.
     
Dosya yapısı

         2 zincirde 4 kayıp küme vardı.
         ScanDisk kayıp kümeleri boş alan olarak geri aldı.
     
Yüzey taraması

         ScanDisk hiçbir sınama gerçekleştirmedi.
     


Microsoft ScanDisk


Günlük dosyası 23.05.2001, 19:50 tarihinde üretildi.

ScanDisk sürücü C sürücüsünün hatalarını inceledi ve şunları buldu:

Dizin yapısı

         Hiçbir sorun bulamadı.
     
Dosya ayırma tablosu

         Hiçbir sorun bulamadı.
     
Dosya yapısı

         Hiçbir sorun bulamadı.
     
Yüzey taraması

         ScanDisk hiçbir sınama gerçekleştirmedi.
     


Microsoft ScanDisk


Günlük dosyası 13.06.2001, 09:24 tarihinde üretildi.

ScanDisk sürücü C sürücüsünün hatalarını inceledi ve şunları buldu:

Dizin yapısı

         Hiçbir sorun bulamadı.
     
Dosya ayırma tablosu

         Hiçbir sorun bulamadı.
     
Dosya yapısı

         Hiçbir sorun bulamadı.
     
Yüzey taraması

         ScanDisk hiçbir sınama gerçekleştirmedi.
     


Microsoft ScanDisk


Günlük dosyası 25.06.2001, 16:51 tarihinde üretildi.

ScanDisk sürücü C sürücüsünün hatalarını inceledi ve şunları buldu:

Dizin yapısı

         Hiçbir sorun bulamadı.
     
Dosya ayırma tablosu

         Hiçbir sorun bulamadı.
     
Dosya yapısı

         Hiçbir sorun bulamadı.
     
Yüzey taraması

         ScanDisk hiçbir sınama gerçekleştirmedi.
     


ScanDisk sürücü D sürücüsünün hatalarını inceledi ve şunları buldu:

Dizin yapısı

         Hiçbir sorun bulamadı.
     
Dosya ayırma tablosu

         Hiçbir sorun bulamadı.
     
Dosya yapısı

         Boş alan hatalı olarak bildirildi.
         ScanDisk boş alan sayımını başarıyla sabitledi.
     
Yüzey taraması

         ScanDisk hiçbir sınama gerçekleştirmedi.
     


Microsoft ScanDisk


Günlük dosyası 25.06.2001, 17:39 tarihinde üretildi.

ScanDisk sürücü C sürücüsünün hatalarını inceledi ve şunları buldu:

Dizin yapısı

         Hiçbir sorun bulamadı.
     
Dosya ayırma tablosu

         Hiçbir sorun bulamadı.
     
Dosya yapısı

         Hiçbir sorun bulamadı.
     
Yüzey taraması

         ScanDisk hiçbir sınama gerçekleştirmedi.
     


Microsoft ScanDisk


Günlük dosyası 31.07.2001, 15:31 tarihinde üretildi.

ScanDisk sürücü C sürücüsünün hatalarını inceledi ve şunları buldu:

Dizin yapısı

         Hiçbir sorun bulamadı.
     
Dosya ayırma tablosu

         Hiçbir sorun bulamadı.
     
Dosya yapısı

         Hiçbir sorun bulamadı.
     
Yüzey taraması

         ScanDisk hiçbir sınama gerçekleştirmedi.
     


Microsoft ScanDisk


Günlük dosyası 17.09.2001, 10:20 tarihinde üretildi.

ScanDisk sürücü C sürücüsünün hatalarını inceledi ve şunları buldu:

Dizin yapısı

         Hiçbir sorun bulamadı.
     
Dosya ayırma tablosu

         Hiçbir sorun bulamadı.
     
Dosya yapısı

         Hiçbir sorun bulamadı.
     
Yüzey taraması

         ScanDisk hiçbir sınama gerçekleştirmedi.
     


Microsoft ScanDisk


Günlük dosyası 27.09.2001, 10:24 tarihinde üretildi.

ScanDisk sürücü C sürücüsünün hatalarını inceledi ve şunları buldu:

Dizin yapısı

         Hiçbir sorun bulamadı.
     
Dosya ayırma tablosu

         Hiçbir sorun bulamadı.
     
Dosya yapısı

         Hiçbir sorun bulamadı.
     
Yüzey taraması

         ScanDisk hiçbir sınama gerçekleştirmedi.
     


Microsoft ScanDisk


Günlük dosyası 01.10.2001, 20:20 tarihinde üretildi.

ScanDisk sürücü C sürücüsünün hatalarını inceledi ve şunları buldu:

Dizin yapısı

         Hiçbir sorun bulamadı.
     
Dosya ayırma tablosu

         Hiçbir sorun bulamadı.
     
Dosya yapısı

         Hiçbir sorun bulamadı.
     
Yüzey taraması

         ScanDisk hiçbir sınama gerçekleştirmedi.
     


Microsoft ScanDisk


Günlük dosyası 09.10.2001, 16:42 tarihinde üretildi.

ScanDisk sürücü C sürücüsünün hatalarını inceledi ve şunları buldu:

Dizin yapısı

         Hiçbir sorun bulamadı.
     
Dosya ayırma tablosu

         Hiçbir sorun bulamadı.
     
Dosya yapısı

         Hiçbir sorun bulamadı.
     
Yüzey taraması

         ScanDisk hiçbir sınama gerçekleştirmedi.
     


Microsoft ScanDisk


Günlük dosyası 10.10.2001, 09:59 tarihinde üretildi.

ScanDisk sürücü C sürücüsünün hatalarını inceledi ve şunları buldu:

Dizin yapısı

         Hiçbir sorun bulamadı.
     
Dosya ayırma tablosu

         Hiçbir sorun bulamadı.
     
Dosya yapısı

         Hiçbir sorun bulamadı.
     
Yüzey taraması

         ScanDisk hiçbir sınama gerçekleştirmedi.
     


Microsoft ScanDisk


Günlük dosyası 07.11.2001, 11:20 tarihinde üretildi.

ScanDisk sürücü C sürücüsünün hatalarını inceledi ve şunları buldu:

Dizin yapısı

         Hiçbir sorun bulamadı.
     
Dosya ayırma tablosu

         Hiçbir sorun bulamadı.
     
Dosya yapısı

         Hiçbir sorun bulamadı.
     
Yüzey taraması

         ScanDisk hiçbir sınama gerçekleştirmedi.
     


Microsoft ScanDisk


Günlük dosyası 12.11.2001, 15:31 tarihinde üretildi.

ScanDisk sürücü C sürücüsünün hatalarını inceledi ve şunları buldu:

Dizin yapısı

         Hiçbir sorun bulamadı.
     
Dosya ayırma tablosu

         Hiçbir sorun bulamadı.
     
Dosya yapısı

         Hiçbir sorun bulamadı.
     
Yüzey taraması

         ScanDisk hiçbir sınama gerçekleştirmedi.
     


Microsoft ScanDisk


Günlük dosyası 12.11.2001, 16:18 tarihinde üretildi.

ScanDisk sürücü C sürücüsünün hatalarını inceledi ve şunları buldu:

Dizin yapısı

         Hiçbir sorun bulamadı.
     
Dosya ayırma tablosu

         Hiçbir sorun bulamadı.
     
Dosya yapısı

         Hiçbir sorun bulamadı.
     
Yüzey taraması

         ScanDisk hiçbir sınama gerçekleştirmedi.
     


Microsoft ScanDisk


Günlük dosyası 14.11.2001, 09:56 tarihinde üretildi.

ScanDisk sürücü C sürücüsünün hatalarını inceledi ve şunları buldu:

Dizin yapısı

         Hiçbir sorun bulamadı.
     
Dosya ayırma tablosu

         Hiçbir sorun bulamadı.
     
Dosya yapısı

         Hiçbir sorun bulamadı.
     
Yüzey taraması

         ScanDisk hiçbir sınama gerçekleştirmedi.
     


Microsoft ScanDisk


Günlük dosyası 19.12.2001, 11:15 tarihinde üretildi.

ScanDisk sürücü C sürücüsünün hatalarını inceledi ve şunları buldu:

Dizin yapısı

         Hiçbir sorun bulamadı.
     
Dosya ayırma tablosu

         Hiçbir sorun bulamadı.
     
Dosya yapısı

         Hiçbir sorun bulamadı.
     
Yüzey taraması

         ScanDisk hiçbir sınama gerçekleştirmedi.
     


Microsoft ScanDisk


Günlük dosyası 05.02.2002, 14:53 tarihinde üretildi.

ScanDisk sürücü C sürücüsünün hatalarını inceledi ve şunları buldu:

Dizin yapısı

         Hiçbir sorun bulamadı.
     
Dosya ayırma tablosu

         Hiçbir sorun bulamadı.
     
Dosya yapısı

         2 zincirde 8 kayıp küme vardı.
         ScanDisk kayıp kümeleri boş alan olarak geri aldı.
     
Yüzey taraması

         ScanDisk hiçbir sınama gerçekleştirmedi.
     


Microsoft ScanDisk


Günlük dosyası 07.02.2002, 12:26 tarihinde üretildi.

ScanDisk sürücü C sürücüsünün hatalarını inceledi ve şunları buldu:

Dizin yapısı

         Hiçbir sorun bulamadı.
     
Dosya ayırma tablosu

         Hiçbir sorun bulamadı.
     
Dosya yapısı

         Hiçbir sorun bulamadı.
     
Yüzey taraması

         ScanDisk hiçbir sınama gerçekleştirmedi.
     


Microsoft ScanDisk


Günlük dosyası 12.02.2002, 15:52 tarihinde üretildi.

ScanDisk sürücü C sürücüsünün hatalarını inceledi ve şunları buldu:

Dizin yapısı

         Hiçbir sorun bulamadı.
     
Dosya ayırma tablosu

         Hiçbir sorun bulamadı.
     
Dosya yapısı

         Hiçbir sorun bulamadı.
     
Yüzey taraması

         ScanDisk hiçbir sınama gerçekleştirmedi.
     


Microsoft ScanDisk


Günlük dosyası 25.03.2002, 11:12 tarihinde üretildi.

ScanDisk sürücü C sürücüsünün hatalarını inceledi ve şunları buldu:

Dizin yapısı

         Hiçbir sorun bulamadı.
     
Dosya ayırma tablosu

         Hiçbir sorun bulamadı.
     
Dosya yapısı

         Hiçbir sorun bulamadı.
     
Yüzey taraması

         ScanDisk hiçbir sınama gerçekleştirmedi.
     


Microsoft ScanDisk


Günlük dosyası 25.03.2002, 11:20 tarihinde üretildi.

ScanDisk sürücü C sürücüsünün hatalarını inceledi ve şunları buldu:

Dizin yapısı

         Hiçbir sorun bulamadı.
     
Dosya ayırma tablosu

         Hiçbir sorun bulamadı.
     
Dosya yapısı

         Hiçbir sorun bulamadı.
     
Yüzey taraması

         ScanDisk hiçbir sınama gerçekleştirmedi.
     


Microsoft ScanDisk


Günlük dosyası 25.03.2002, 16:47 tarihinde üretildi.

ScanDisk sürücü C sürücüsünün hatalarını inceledi ve şunları buldu:

Dizin yapısı

         Hiçbir sorun bulamadı.
     
Dosya ayırma tablosu

         Hiçbir sorun bulamadı.
     
Dosya yapısı

         Hiçbir sorun bulamadı.
     
Yüzey taraması

         ScanDisk hiçbir sınama gerçekleştirmedi.
     


Microsoft ScanDisk


Günlük dosyası 08.04.2002, 13:16 tarihinde üretildi.

ScanDisk sürücü C sürücüsünün hatalarını inceledi ve şunları buldu:

Dizin yapısı

         Hiçbir sorun bulamadı.
     
Dosya ayırma tablosu

         Hiçbir sorun bulamadı.
     
Dosya yapısı

         Hiçbir sorun bulamadı.
     
Yüzey taraması

         ScanDisk hiçbir sınama gerçekleştirmedi.
     


Microsoft ScanDisk


Günlük dosyası 18.04.2002, 12:55 tarihinde üretildi.

ScanDisk sürücü C sürücüsünün hatalarını inceledi ve şunları buldu:

Dizin yapısı

         Hiçbir sorun bulamadı.
     
Dosya ayırma tablosu

         Hiçbir sorun bulamadı.
     
Dosya yapısı

         Hiçbir sorun bulamadı.
     
Yüzey taraması

         ScanDisk hiçbir sınama gerçekleştirmedi.
     


Microsoft ScanDisk


Günlük dosyası 19.04.2002, 14:00 tarihinde üretildi.

ScanDisk sürücü C sürücüsünün hatalarını inceledi ve şunları buldu:

Dizin yapısı

         Hiçbir sorun bulamadı.
     
Dosya ayırma tablosu

         Hiçbir sorun bulamadı.
     
Dosya yapısı

         Hiçbir sorun bulamadı.
     
Yüzey taraması

         ScanDisk hiçbir sınama gerçekleştirmedi.
     


Microsoft ScanDisk


Günlük dosyası 19.04.2002, 15:18 tarihinde üretildi.

ScanDisk sürücü C sürücüsünün hatalarını inceledi ve şunları buldu:

Dizin yapısı

         Hiçbir sorun bulamadı.
     
Dosya ayırma tablosu

         Hiçbir sorun bulamadı.
     
Dosya yapısı

         Hiçbir sorun bulamadı.
     
Yüzey taraması

         ScanDisk hiçbir sınama gerçekleştirmedi.
     


Microsoft ScanDisk


Günlük dosyası 25.04.2002, 12:45 tarihinde üretildi.

ScanDisk sürücü C sürücüsünün hatalarını inceledi ve şunları buldu:

Dizin yapısı

         Hiçbir sorun bulamadı.
     
Dosya ayırma tablosu

         Hiçbir sorun bulamadı.
     
Dosya yapısı

         Hiçbir sorun bulamadı.
     
Yüzey taraması

         ScanDisk hiçbir sınama gerçekleştirmedi.
     


Microsoft ScanDisk


Günlük dosyası 02.05.2002, 10:11 tarihinde üretildi.

ScanDisk sürücü C sürücüsünün hatalarını inceledi ve şunları buldu:

Dizin yapısı

         Hiçbir sorun bulamadı.
     
Dosya ayırma tablosu

         Hiçbir sorun bulamadı.
     
Dosya yapısı

         ScanDisk hiçbir sınama gerçekleştirmedi.
     
Yüzey taraması

         ScanDisk hiçbir sınama gerçekleştirmedi.
     


Microsoft ScanDisk


Günlük dosyası 02.05.2002, 16:28 tarihinde üretildi.

ScanDisk sürücü C sürücüsünün hatalarını inceledi ve şunları buldu:

Dizin yapısı

         Hiçbir sorun bulamadı.
     
Dosya ayırma tablosu

         Hiçbir sorun bulamadı.
     
Dosya yapısı

         Hiçbir sorun bulamadı.
     
Yüzey taraması

         ScanDisk hiçbir sınama gerçekleştirmedi.
     


Microsoft ScanDisk


Günlük dosyası 02.05.2002, 16:47 tarihinde üretildi.

ScanDisk sürücü C sürücüsünün hatalarını inceledi ve şunları buldu:

Dizin yapısı

         Hiçbir sorun bulamadı.
     
Dosya ayırma tablosu

         Hiçbir sorun bulamadı.
     
Dosya yapısı

         Hiçbir sorun bulamadı.
     
Yüzey taraması

         ScanDisk hiçbir sınama gerçekleştirmedi.
     


Microsoft ScanDisk


Günlük dosyası 13.05.2002, 12:30 tarihinde üretildi.

ScanDisk sürücü C sürücüsünün hatalarını inceledi ve şunları buldu:

Dizin yapısı

         Hiçbir sorun bulamadı.
     
Dosya ayırma tablosu

         Hiçbir sorun bulamadı.
     
Dosya yapısı

         Hiçbir sorun bulamadı.
     
Yüzey taraması

         ScanDisk hiçbir sınama gerçekleştirmedi.
     


Microsoft ScanDisk


Günlük dosyası 16.05.2002, 13:08 tarihinde üretildi.

ScanDisk sürücü C sürücüsünün hatalarını inceledi ve şunları buldu:

Dizin yapısı

         Hiçbir sorun bulamadı.
     
Dosya ayırma tablosu

         Hiçbir sorun bulamadı.
     
Dosya yapısı

         Hiçbir sorun bulamadı.
     
Yüzey taraması

         ScanDisk hiçbir sınama gerçekleştirmedi.
     


Microsoft ScanDisk


Günlük dosyası 27.05.2002, 09:26 tarihinde üretildi.

ScanDisk sürücü C sürücüsünün hatalarını inceledi ve şunları buldu:

Dizin yapısı

         Hiçbir sorun bulamadı.
     
Dosya ayırma tablosu

         Hiçbir sorun bulamadı.
     
Dosya yapısı

         Bir zincirde 6 tane kayıp küme vardı.
         ScanDisk kayıp kümeleri boş alan olarak geri aldı.
     
Yüzey taraması

         ScanDisk hiçbir sınama gerçekleştirmedi.
     


Microsoft ScanDisk


Günlük dosyası 27.05.2002, 09:35 tarihinde üretildi.

ScanDisk sürücü C sürücüsünün hatalarını inceledi ve şunları buldu:

Dizin yapısı

         Hiçbir sorun bulamadı.
     
Dosya ayırma tablosu

         Hiçbir sorun bulamadı.
     
Dosya yapısı

         Hiçbir sorun bulamadı.
     
Yüzey taraması

         ScanDisk hiçbir sınama gerçekleştirmedi.
     


Microsoft ScanDisk


Günlük dosyası 27.05.2002, 14:03 tarihinde üretildi.

ScanDisk sürücü C sürücüsünün hatalarını inceledi ve şunları buldu:

Dizin yapısı

         Hiçbir sorun bulamadı.
     
Dosya ayırma tablosu

         Hiçbir sorun bulamadı.
     
Dosya yapısı

         Hiçbir sorun bulamadı.
     
Yüzey taraması

         ScanDisk hiçbir sınama gerçekleştirmedi.
     


Microsoft ScanDisk


Günlük dosyası 27.05.2002, 14:13 tarihinde üretildi.

ScanDisk sürücü C sürücüsünün hatalarını inceledi ve şunları buldu:

Dizin yapısı

         Hiçbir sorun bulamadı.
     
Dosya ayırma tablosu

         Hiçbir sorun bulamadı.
     
Dosya yapısı

         Hiçbir sorun bulamadı.
     
Yüzey taraması

         ScanDisk hiçbir sınama gerçekleştirmedi.
     


Microsoft ScanDisk


Günlük dosyası 13.06.2002, 14:34 tarihinde üretildi.

ScanDisk sürücü C sürücüsünün hatalarını inceledi ve şunları buldu:

Dizin yapısı

         Hiçbir sorun bulamadı.
     
Dosya ayırma tablosu

         Hiçbir sorun bulamadı.
     
Dosya yapısı

         Hiçbir sorun bulamadı.
     
Yüzey taraması

         ScanDisk hiçbir sınama gerçekleştirmedi.
     


Microsoft ScanDisk


Günlük dosyası 17.06.2002, 14:02 tarihinde üretildi.

ScanDisk sürücü C sürücüsünün hatalarını inceledi ve şunları buldu:

Dizin yapısı

         Hiçbir sorun bulamadı.
     
Dosya ayırma tablosu

         Hiçbir sorun bulamadı.
     
Dosya yapısı

         Hiçbir sorun bulamadı.
     
Yüzey taraması

         ScanDisk hiçbir sınama gerçekleştirmedi.
     


Microsoft ScanDisk


Günlük dosyası 12.07.2002, 15:40 tarihinde üretildi.

ScanDisk sürücü C sürücüsünün hatalarını inceledi ve şunları buldu:

Dizin yapısı

         Hiçbir sorun bulamadı.
     
Dosya ayırma tablosu

         Hiçbir sorun bulamadı.
     
Dosya yapısı

         Bir zincirde 7 tane kayıp küme vardı.
         ScanDisk kayıp kümeleri boş alan olarak geri aldı.
     
Yüzey taraması

         ScanDisk hiçbir sınama gerçekleştirmedi.
     


Microsoft ScanDisk


Günlük dosyası 23.07.2002, 15:24 tarihinde üretildi.

ScanDisk sürücü C sürücüsünün hatalarını inceledi ve şunları buldu:

Dizin yapısı

         Hiçbir sorun bulamadı.
     
Dosya ayırma tablosu

         Hiçbir sorun bulamadı.
     
Dosya yapısı

         Hiçbir sorun bulamadı.
     
Yüzey taraması

         ScanDisk hiçbir sınama gerçekleştirmedi.
     


Microsoft ScanDisk


Günlük dosyası 23.07.2002, 15:44 tarihinde üretildi.

ScanDisk sürücü C sürücüsünün hatalarını inceledi ve şunları buldu:

Dizin yapısı

         Hiçbir sorun bulamadı.
     
Dosya ayırma tablosu

         Hiçbir sorun bulamadı.
     
Dosya yapısı

         2 zincirde 8 kayıp küme vardı.
         ScanDisk kayıp kümeleri boş alan olarak geri aldı.
     
Yüzey taraması

         ScanDisk hiçbir sınama gerçekleştirmedi.
     


Microsoft ScanDisk


Günlük dosyası 29.07.2002, 11:33 tarihinde üretildi.

ScanDisk sürücü C sürücüsünün hatalarını inceledi ve şunları buldu:

Dizin yapısı

         Hiçbir sorun bulamadı.
     
Dosya ayırma tablosu

         Hiçbir sorun bulamadı.
     
Dosya yapısı

         Hiçbir sorun bulamadı.
     
Yüzey taraması

         ScanDisk hiçbir sınama gerçekleştirmedi.
     


Microsoft ScanDisk


Günlük dosyası 07.08.2002, 09:47 tarihinde üretildi.

ScanDisk sürücü C sürücüsünün hatalarını inceledi ve şunları buldu:

Dizin yapısı

         Hiçbir sorun bulamadı.
     
Dosya ayırma tablosu

         Hiçbir sorun bulamadı.
     
Dosya yapısı

         Bir zincirde 4 tane kayıp küme vardı.
         ScanDisk kayıp kümeleri boş alan olarak geri aldı.
     
Yüzey taraması

         ScanDisk hiçbir sınama gerçekleştirmedi.
     


Microsoft ScanDisk


Günlük dosyası 26.09.2002, 14:07 tarihinde üretildi.

ScanDisk sürücü C sürücüsünün hatalarını inceledi ve şunları buldu:

Dizin yapısı

         Hiçbir sorun bulamadı.
     
Dosya ayırma tablosu

         Hiçbir sorun bulamadı.
     
Dosya yapısı

         Hiçbir sorun bulamadı.
     
Yüzey taraması

         ScanDisk hiçbir sınama gerçekleştirmedi.
     


Microsoft ScanDisk


Günlük dosyası 27.09.2002, 11:26 tarihinde üretildi.

ScanDisk sürücü C sürücüsünün hatalarını inceledi ve şunları buldu:

Dizin yapısı

         Hiçbir sorun bulamadı.
     
Dosya ayırma tablosu

         Hiçbir sorun bulamadı.
     
Dosya yapısı

         Hiçbir sorun bulamadı.
     
Yüzey taraması

         ScanDisk hiçbir sınama gerçekleştirmedi.
     


Microsoft ScanDisk


Günlük dosyası 01.10.2002, 15:15 tarihinde üretildi.

ScanDisk sürücü C sürücüsünün hatalarını inceledi ve şunları buldu:

Dizin yapısı

         Dizin girdisi C:\BELGEL~1\KORKMA~1.DOC yanlış bir boyuta sahipti.
         ScanDisk dizin girdisini başarıyla düzeltti.
     
Dosya ayırma tablosu

         Hiçbir sorun bulamadı.
     
Dosya yapısı

         Bir zincirde 6 tane kayıp küme vardı.
         ScanDisk kayıp kümeleri boş alan olarak geri aldı.
     
Yüzey taraması

         ScanDisk hiçbir sınama gerçekleştirmedi.
     


Microsoft ScanDisk


Günlük dosyası 07.11.2002, 08:37 tarihinde üretildi.

ScanDisk sürücü C sürücüsünün hatalarını inceledi ve şunları buldu:

Dizin yapısı

         Hiçbir sorun bulamadı.
     
Dosya ayırma tablosu

         Hiçbir sorun bulamadı.
     
Dosya yapısı

         Hiçbir sorun bulamadı.
     
Yüzey taraması

         ScanDisk hiçbir sınama gerçekleştirmedi.
     


Microsoft ScanDisk


Günlük dosyası 19.12.2002, 10:44 tarihinde üretildi.

ScanDisk sürücü C sürücüsünün hatalarını inceledi ve şunları buldu:

Dizin yapısı

         Hiçbir sorun bulamadı.
     
Dosya ayırma tablosu

         Hiçbir sorun bulamadı.
     
Dosya yapısı

         Hiçbir sorun bulamadı.
     
Yüzey taraması

         ScanDisk hiçbir sınama gerçekleştirmedi.
     


Microsoft ScanDisk


Günlük dosyası 05.02.2003, 16:19 tarihinde üretildi.

ScanDisk sürücü C sürücüsünün hatalarını inceledi ve şunları buldu:

Dizin yapısı

         Hiçbir sorun bulamadı.
     
Dosya ayırma tablosu

         Hiçbir sorun bulamadı.
     
Dosya yapısı

         Hiçbir sorun bulamadı.
     
Yüzey taraması

         ScanDisk hiçbir sınama gerçekleştirmedi.
     


Microsoft ScanDisk


Günlük dosyası 25.03.2003, 14:46 tarihinde üretildi.

ScanDisk sürücü C sürücüsünün hatalarını inceledi ve şunları buldu:

Dizin yapısı

         Hiçbir sorun bulamadı.
     
Dosya ayırma tablosu

         Hiçbir sorun bulamadı.
     
Dosya yapısı

         2 zincirde 11 kayıp küme vardı.
         ScanDisk kayıp kümeleri boş alan olarak geri aldı.
     
Yüzey taraması

         ScanDisk hiçbir sınama gerçekleştirmedi.
     


Microsoft ScanDisk


Günlük dosyası 04.04.2003, 11:29 tarihinde üretildi.

ScanDisk sürücü C sürücüsünün hatalarını inceledi ve şunları buldu:

Dizin yapısı

         Hiçbir sorun bulamadı.
     
Dosya ayırma tablosu

         Hiçbir sorun bulamadı.
     
Dosya yapısı

         Hiçbir sorun bulamadı.
     
Yüzey taraması

         ScanDisk hiçbir sınama gerçekleştirmedi.
     


Microsoft ScanDisk


Günlük dosyası 21.05.2003, 14:25 tarihinde üretildi.

ScanDisk sürücü C sürücüsünün hatalarını inceledi ve şunları buldu:

Dizin yapısı

         Hiçbir sorun bulamadı.
     
Dosya ayırma tablosu

         Hiçbir sorun bulamadı.
     
Dosya yapısı

         Hiçbir sorun bulamadı.
     
Yüzey taraması

         ScanDisk hiçbir sınama gerçekleştirmedi.
     


Microsoft ScanDisk


Günlük dosyası 03.07.2003, 14:32 tarihinde üretildi.

ScanDisk sürücü C sürücüsünün hatalarını inceledi ve şunları buldu:

Dizin yapısı

         Hiçbir sorun bulamadı.
     
Dosya ayırma tablosu

         Hiçbir sorun bulamadı.
     
Dosya yapısı

         Hiçbir sorun bulamadı.
     
Yüzey taraması

         ScanDisk hiçbir sınama gerçekleştirmedi.
     


Microsoft ScanDisk


Günlük dosyası 04.07.2003, 14:55 tarihinde üretildi.

ScanDisk sürücü C sürücüsünün hatalarını inceledi ve şunları buldu:

Dizin yapısı

         Hiçbir sorun bulamadı.
     
Dosya ayırma tablosu

         Hiçbir sorun bulamadı.
     
Dosya yapısı

         Hiçbir sorun bulamadı.
     
Yüzey taraması

         ScanDisk hiçbir sınama gerçekleştirmedi.
     


Microsoft ScanDisk


Günlük dosyası 07.07.2003, 09:53 tarihinde üretildi.

ScanDisk sürücü C sürücüsünün hatalarını inceledi ve şunları buldu:

Dizin yapısı

         Hiçbir sorun bulamadı.
     
Dosya ayırma tablosu

         Hiçbir sorun bulamadı.
     
Dosya yapısı

         Hiçbir sorun bulamadı.
     
Yüzey taraması

         ScanDisk hiçbir sınama gerçekleştirmedi.
     


Microsoft ScanDisk


Günlük dosyası 07.07.2003, 17:15 tarihinde üretildi.

ScanDisk sürücü C sürücüsünün hatalarını inceledi ve şunları buldu:

Dizin yapısı

         Hiçbir sorun bulamadı.
     
Dosya ayırma tablosu

         Hiçbir sorun bulamadı.
     
Dosya yapısı

         Bir zincirde 5 tane kayıp küme vardı.
         ScanDisk kayıp kümeleri boş alan olarak geri aldı.
     
Yüzey taraması

         ScanDisk hiçbir sınama gerçekleştirmedi.
     


Microsoft ScanDisk


Günlük dosyası 09.07.2003, 10:49 tarihinde üretildi.

ScanDisk sürücü C sürücüsünün hatalarını inceledi ve şunları buldu:

Dizin yapısı

         Hiçbir sorun bulamadı.
     
Dosya ayırma tablosu

         Hiçbir sorun bulamadı.
     
Dosya yapısı

         Hiçbir sorun bulamadı.
     
Yüzey taraması

         ScanDisk hiçbir sınama gerçekleştirmedi.
     


Microsoft ScanDisk


Günlük dosyası 06.08.2003, 08:38 tarihinde üretildi.

ScanDisk sürücü C sürücüsünün hatalarını inceledi ve şunları buldu:

Dizin yapısı

         Hiçbir sorun bulamadı.
     
Dosya ayırma tablosu

         Hiçbir sorun bulamadı.
     
Dosya yapısı

         Hiçbir sorun bulamadı.
     
Yüzey taraması

         ScanDisk hiçbir sınama gerçekleştirmedi.
     


Microsoft ScanDisk


Günlük dosyası 05.09.2003, 11:20 tarihinde üretildi.

ScanDisk sürücü C sürücüsünün hatalarını inceledi ve şunları buldu:

Dizin yapısı

         Hiçbir sorun bulamadı.
     
Dosya ayırma tablosu

         Hiçbir sorun bulamadı.
     
Dosya yapısı

         Bir zincirde 5 tane kayıp küme vardı.
         ScanDisk kayıp kümeleri boş alan olarak geri aldı.
     
Yüzey taraması

         ScanDisk hiçbir sınama gerçekleştirmedi.
     


Microsoft ScanDisk


Günlük dosyası 09.09.2003, 10:25 tarihinde üretildi.

ScanDisk sürücü C sürücüsünün hatalarını inceledi ve şunları buldu:

Dizin yapısı

         Hiçbir sorun bulamadı.
     
Dosya ayırma tablosu

         Hiçbir sorun bulamadı.
     
Dosya yapısı

         Hiçbir sorun bulamadı.
     
Yüzey taraması

         ScanDisk hiçbir sınama gerçekleştirmedi.
     


Microsoft ScanDisk


Günlük dosyası 15.10.2003, 13:24 tarihinde üretildi.

ScanDisk sürücü C sürücüsünün hatalarını inceledi ve şunları buldu:

Dizin yapısı

         Hiçbir sorun bulamadı.
     
Dosya ayırma tablosu

         Hiçbir sorun bulamadı.
     
Dosya yapısı

         Bir zincirde 6 tane kayıp küme vardı.
         ScanDisk kayıp kümeleri boş alan olarak geri aldı.
     
Yüzey taraması

         ScanDisk hiçbir sınama gerçekleştirmedi.
     


Microsoft ScanDisk


Günlük dosyası 19.11.2003, 13:55 tarihinde üretildi.

ScanDisk sürücü C sürücüsünün hatalarını inceledi ve şunları buldu:

Dizin yapısı

         Hiçbir sorun bulamadı.
     
Dosya ayırma tablosu

         Hiçbir sorun bulamadı.
     
Dosya yapısı

         2 zincirde 8 kayıp küme vardı.
         ScanDisk kayıp kümeleri boş alan olarak geri aldı.
     
Yüzey taraması

         ScanDisk hiçbir sınama gerçekleştirmedi.
     


Microsoft ScanDisk


Günlük dosyası 16.12.2003, 09:31 tarihinde üretildi.

ScanDisk sürücü C sürücüsünün hatalarını inceledi ve şunları buldu:

Dizin yapısı

         Hiçbir sorun bulamadı.
     
Dosya ayırma tablosu

         Hiçbir sorun bulamadı.
     
Dosya yapısı

         Bir zincirde 4 tane kayıp küme vardı.
         ScanDisk kayıp kümeleri boş alan olarak geri aldı.
     
Yüzey taraması

         ScanDisk hiçbir sınama gerçekleştirmedi.
     


Microsoft ScanDisk


Günlük dosyası 23.12.2003, 14:49 tarihinde üretildi.

ScanDisk sürücü C sürücüsünün hatalarını inceledi ve şunları buldu:

Dizin yapısı

         Hiçbir sorun bulamadı.
     
Dosya ayırma tablosu

         Hiçbir sorun bulamadı.
     
Dosya yapısı

         Hiçbir sorun bulamadı.
     
Yüzey taraması

         ScanDisk hiçbir sınama gerçekleştirmedi.
     


Microsoft ScanDisk


Günlük dosyası 02.01.2004, 09:09 tarihinde üretildi.

ScanDisk sürücü C sürücüsünün hatalarını inceledi ve şunları buldu:

Dizin yapısı

         Hiçbir sorun bulamadı.
     
Dosya ayırma tablosu

         Hiçbir sorun bulamadı.
     
Dosya yapısı

         Hiçbir sorun bulamadı.
     
Yüzey taraması

         ScanDisk hiçbir sınama gerçekleştirmedi.
     


Microsoft ScanDisk


Günlük dosyası 02.01.2004, 09:39 tarihinde üretildi.

ScanDisk sürücü C sürücüsünün hatalarını inceledi ve şunları buldu:

Dizin yapısı

         Hiçbir sorun bulamadı.
     
Dosya ayırma tablosu

         Hiçbir sorun bulamadı.
     
Dosya yapısı

         Hiçbir sorun bulamadı.
     
Yüzey taraması

         ScanDisk hiçbir sınama gerçekleştirmedi.
     


Microsoft ScanDisk


Günlük dosyası 06.01.2004, 15:30 tarihinde üretildi.

ScanDisk sürücü C sürücüsünün hatalarını inceledi ve şunları buldu:

Dizin yapısı

         Hiçbir sorun bulamadı.
     
Dosya ayırma tablosu

         Hiçbir sorun bulamadı.
     
Dosya yapısı

         Hiçbir sorun bulamadı.
     
Yüzey taraması

         ScanDisk hiçbir sınama gerçekleştirmedi.
     


Microsoft ScanDisk


Günlük dosyası 07.01.2004, 14:29 tarihinde üretildi.

ScanDisk sürücü C sürücüsünün hatalarını inceledi ve şunları buldu:

Dizin yapısı

         Hiçbir sorun bulamadı.
     
Dosya ayırma tablosu

         Hiçbir sorun bulamadı.
     
Dosya yapısı

         Hiçbir sorun bulamadı.
     
Yüzey taraması

         ScanDisk hiçbir sınama gerçekleştirmedi.
     


Microsoft ScanDisk


Günlük dosyası 09.01.2004, 16:28 tarihinde üretildi.

ScanDisk sürücü C sürücüsünün hatalarını inceledi ve şunları buldu:

Dizin yapısı

         Hiçbir sorun bulamadı.
     
Dosya ayırma tablosu

         Hiçbir sorun bulamadı.
     
Dosya yapısı

         Bir zincirde 2 tane kayıp küme vardı.
         ScanDisk kayıp kümeleri boş alan olarak geri aldı.
     
Yüzey taraması

         ScanDisk hiçbir sınama gerçekleştirmedi.
     


Microsoft ScanDisk


Günlük dosyası 23.01.2004, 13:30 tarihinde üretildi.

ScanDisk sürücü C sürücüsünün hatalarını inceledi ve şunları buldu:

Dizin yapısı

         Hiçbir sorun bulamadı.
     
Dosya ayırma tablosu

         Hiçbir sorun bulamadı.
     
Dosya yapısı

         Bir zincirde 6 tane kayıp küme vardı.
         ScanDisk kayıp kümeleri boş alan olarak geri aldı.
     
Yüzey taraması

         ScanDisk hiçbir sınama gerçekleştirmedi.
     


Microsoft ScanDisk


Günlük dosyası 23.01.2004, 15:38 tarihinde üretildi.

ScanDisk sürücü C sürücüsünün hatalarını inceledi ve şunları buldu:

Dizin yapısı

         Hiçbir sorun bulamadı.
     
Dosya ayırma tablosu

         Hiçbir sorun bulamadı.
     
Dosya yapısı

         3 zincirde 12 kayıp küme vardı.
         ScanDisk kayıp kümeleri boş alan olarak geri aldı.
     
Yüzey taraması

         ScanDisk hiçbir sınama gerçekleştirmedi.
     


Microsoft ScanDisk


Günlük dosyası 27.01.2004, 11:40 tarihinde üretildi.

ScanDisk sürücü C sürücüsünün hatalarını inceledi ve şunları buldu:

Dizin yapısı

         Hiçbir sorun bulamadı.
     
Dosya ayırma tablosu

         Hiçbir sorun bulamadı.
     
Dosya yapısı

         Hiçbir sorun bulamadı.
     
Yüzey taraması

         ScanDisk hiçbir sınama gerçekleştirmedi.
     


Microsoft ScanDisk


Günlük dosyası 27.01.2004, 13:32 tarihinde üretildi.

ScanDisk sürücü C sürücüsünün hatalarını inceledi ve şunları buldu:

Dizin yapısı

         Hiçbir sorun bulamadı.
     
Dosya ayırma tablosu

         Hiçbir sorun bulamadı.
     
Dosya yapısı

         Hiçbir sorun bulamadı.
     
Yüzey taraması

         ScanDisk hiçbir sınama gerçekleştirmedi.
     


Microsoft ScanDisk


Günlük dosyası 27.01.2004, 14:18 tarihinde üretildi.

ScanDisk sürücü C sürücüsünün hatalarını inceledi ve şunları buldu:

Dizin yapısı

         Hiçbir sorun bulamadı.
     
Dosya ayırma tablosu

         Hiçbir sorun bulamadı.
     
Dosya yapısı

         Hiçbir sorun bulamadı.
     
Yüzey taraması

         ScanDisk hiçbir sınama gerçekleştirmedi.
     


Microsoft ScanDisk


Günlük dosyası 27.01.2004, 14:57 tarihinde üretildi.

ScanDisk sürücü C sürücüsünün hatalarını inceledi ve şunları buldu:

Dizin yapısı

         Hiçbir sorun bulamadı.
     
Dosya ayırma tablosu

         Hiçbir sorun bulamadı.
     
Dosya yapısı

         Hiçbir sorun bulamadı.
     
Yüzey taraması

         ScanDisk hiçbir sınama gerçekleştirmedi.
     


Microsoft ScanDisk


Günlük dosyası 27.01.2004, 16:31 tarihinde üretildi.

ScanDisk sürücü C sürücüsünün hatalarını inceledi ve şunları buldu:

Dizin yapısı

         Hiçbir sorun bulamadı.
     
Dosya ayırma tablosu

         Hiçbir sorun bulamadı.
     
Dosya yapısı

         Hiçbir sorun bulamadı.
     
Yüzey taraması

         ScanDisk hiçbir sınama gerçekleştirmedi.
     


Microsoft ScanDisk


Günlük dosyası 30.01.2004, 14:19 tarihinde üretildi.

ScanDisk sürücü C sürücüsünün hatalarını inceledi ve şunları buldu:

Dizin yapısı

         Hiçbir sorun bulamadı.
     
Dosya ayırma tablosu

         Hiçbir sorun bulamadı.
     
Dosya yapısı

         Hiçbir sorun bulamadı.
     
Yüzey taraması

         ScanDisk hiçbir sınama gerçekleştirmedi.
     


Microsoft ScanDisk


Günlük dosyası 20.02.2004, 15:27 tarihinde üretildi.

ScanDisk sürücü C sürücüsünün hatalarını inceledi ve şunları buldu:

Dizin yapısı

         Hiçbir sorun bulamadı.
     
Dosya ayırma tablosu

         Hiçbir sorun bulamadı.
     
Dosya yapısı

         Bir zincirde 7 tane kayıp küme vardı.
         ScanDisk kayıp kümeleri boş alan olarak geri aldı.
     
Yüzey taraması

         ScanDisk hiçbir sınama gerçekleştirmedi.
     


Microsoft ScanDisk


Günlük dosyası 02.06.2004, 14:43 tarihinde üretildi.

ScanDisk sürücü C sürücüsünün hatalarını inceledi ve şunları buldu:

Dizin yapısı

         Hiçbir sorun bulamadı.
     
Dosya ayırma tablosu

         Hiçbir sorun bulamadı.
     
Dosya yapısı

         Hiçbir sorun bulamadı.
     
Yüzey taraması

         ScanDisk hiçbir sınama gerçekleştirmedi.
     


Microsoft ScanDisk


Günlük dosyası 08.06.2004, 11:39 tarihinde üretildi.

ScanDisk sürücü C sürücüsünün hatalarını inceledi ve şunları buldu:

Dizin yapısı

         Hiçbir sorun bulamadı.
     
Dosya ayırma tablosu

         Hiçbir sorun bulamadı.
     
Dosya yapısı

         Hiçbir sorun bulamadı.
     
Yüzey taraması

         ScanDisk hiçbir sınama gerçekleştirmedi.
     


Microsoft ScanDisk


Günlük dosyası 22.06.2004, 16:01 tarihinde üretildi.

ScanDisk sürücü C sürücüsünün hatalarını inceledi ve şunları buldu:

Dizin yapısı

         Hiçbir sorun bulamadı.
     
Dosya ayırma tablosu

         Hiçbir sorun bulamadı.
     
Dosya yapısı

         Hiçbir sorun bulamadı.
     
Yüzey taraması

         ScanDisk hiçbir sınama gerçekleştirmedi.
     


Microsoft ScanDisk


Günlük dosyası 13.07.2004, 10:02 tarihinde üretildi.

ScanDisk sürücü C sürücüsünün hatalarını inceledi ve şunları buldu:

Dizin yapısı

         Hiçbir sorun bulamadı.
     
Dosya ayırma tablosu

         Hiçbir sorun bulamadı.
     
Dosya yapısı

         Hiçbir sorun bulamadı.
     
Yüzey taraması

         ScanDisk hiçbir sınama gerçekleştirmedi.
     


Microsoft ScanDisk


Günlük dosyası 11.08.2004, 09:03 tarihinde üretildi.

ScanDisk sürücü C sürücüsünün hatalarını inceledi ve şunları buldu:

Dizin yapısı

         Hiçbir sorun bulamadı.
     
Dosya ayırma tablosu

         Hiçbir sorun bulamadı.
     
Dosya yapısı

         Hiçbir sorun bulamadı.
     
Yüzey taraması

         ScanDisk hiçbir sınama gerçekleştirmedi.
     


Microsoft ScanDisk


Günlük dosyası 14.09.2004, 14:17 tarihinde üretildi.

ScanDisk sürücü C sürücüsünün hatalarını inceledi ve şunları buldu:

Dizin yapısı

         Hiçbir sorun bulamadı.
     
Dosya ayırma tablosu

         Hiçbir sorun bulamadı.
     
Dosya yapısı

         Hiçbir sorun bulamadı.
     
Yüzey taraması

         ScanDisk hiçbir sınama gerçekleştirmedi.
     


Microsoft ScanDisk


Günlük dosyası 01.12.2004, 09:04 tarihinde üretildi.

ScanDisk sürücü C sürücüsünün hatalarını inceledi ve şunları buldu:

Dizin yapısı

         Hiçbir sorun bulamadı.
     
Dosya ayırma tablosu

         Hiçbir sorun bulamadı.
     
Dosya yapısı

         Hiçbir sorun bulamadı.
     
Yüzey taraması

         ScanDisk hiçbir sınama gerçekleştirmedi.
     


Microsoft ScanDisk


Günlük dosyası 19.04.2005, 09:38 tarihinde üretildi.

ScanDisk sürücü C sürücüsünün hatalarını inceledi ve şunları buldu:

Dizin yapısı

         Hiçbir sorun bulamadı.
     
Dosya ayırma tablosu

         Hiçbir sorun bulamadı.
     
Dosya yapısı

         Hiçbir sorun bulamadı.
     
Yüzey taraması

         ScanDisk hiçbir sınama gerçekleştirmedi.
     


Microsoft ScanDisk


Günlük dosyası 19.04.2005, 10:01 tarihinde üretildi.

ScanDisk sürücü C sürücüsünün hatalarını inceledi ve şunları buldu:

Dizin yapısı

         Hiçbir sorun bulamadı.
     
Dosya ayırma tablosu

         Hiçbir sorun bulamadı.
     
Dosya yapısı

         Hiçbir sorun bulamadı.
     
Yüzey taraması

         ScanDisk hiçbir sınama gerçekleştirmedi.
     


Microsoft ScanDisk


Günlük dosyası 20.05.2005, 13:32 tarihinde üretildi.

ScanDisk sürücü C sürücüsünün hatalarını inceledi ve şunları buldu:

Dizin yapısı

         Hiçbir sorun bulamadı.
     
Dosya ayırma tablosu

         Hiçbir sorun bulamadı.
     
Dosya yapısı

         Hiçbir sorun bulamadı.
     
Yüzey taraması

         ScanDisk hiçbir sınama gerçekleştirmedi.
     


Microsoft ScanDisk


Günlük dosyası 09.06.2005, 08:43 tarihinde üretildi.

ScanDisk sürücü C sürücüsünün hatalarını inceledi ve şunları buldu:

Dizin yapısı

         Hiçbir sorun bulamadı.
     
Dosya ayırma tablosu

         Hiçbir sorun bulamadı.
     
Dosya yapısı

         Hiçbir sorun bulamadı.
     
Yüzey taraması

         ScanDisk hiçbir sınama gerçekleştirmedi.
     


Microsoft ScanDisk


Günlük dosyası 11.07.2005, 14:00 tarihinde üretildi.

ScanDisk sürücü C sürücüsünün hatalarını inceledi ve şunları buldu:

Dizin yapısı

         Hiçbir sorun bulamadı.
     
Dosya ayırma tablosu

         Hiçbir sorun bulamadı.
     
Dosya yapısı

         Hiçbir sorun bulamadı.
     
Yüzey taraması

         ScanDisk hiçbir sınama gerçekleştirmedi.
     


Microsoft ScanDisk


Günlük dosyası 12.07.2005, 12:09 tarihinde üretildi.

ScanDisk sürücü C sürücüsünün hatalarını inceledi ve şunları buldu:

Dizin yapısı

         Hiçbir sorun bulamadı.
     
Dosya ayırma tablosu

         Hiçbir sorun bulamadı.
     
Dosya yapısı

         Hiçbir sorun bulamadı.
     
Yüzey taraması

         ScanDisk hiçbir sınama gerçekleştirmedi.
     


Microsoft ScanDisk


Günlük dosyası 14.07.2005, 11:22 tarihinde üretildi.

ScanDisk sürücü C sürücüsünün hatalarını inceledi ve şunları buldu:

Dizin yapısı

         Hiçbir sorun bulamadı.
     
Dosya ayırma tablosu

         Hiçbir sorun bulamadı.
     
Dosya yapısı

         Bir zincirde 45 tane kayıp küme vardı.
         ScanDisk kayıp kümeleri boş alan olarak geri aldı.
     
Yüzey taraması

         ScanDisk hiçbir sınama gerçekleştirmedi.
     


Microsoft ScanDisk


Günlük dosyası 14.07.2005, 15:56 tarihinde üretildi.

ScanDisk sürücü C sürücüsünün hatalarını inceledi ve şunları buldu:

Dizin yapısı

         Hiçbir sorun bulamadı.
     
Dosya ayırma tablosu

         Hiçbir sorun bulamadı.
     
Dosya yapısı

         Hiçbir sorun bulamadı.
     
Yüzey taraması

         ScanDisk hiçbir sınama gerçekleştirmedi.
     


Microsoft ScanDisk


Günlük dosyası 28.07.2005, 16:13 tarihinde üretildi.

ScanDisk sürücü C sürücüsünün hatalarını inceledi ve şunları buldu:

Dizin yapısı

         Hiçbir sorun bulamadı.
     
Dosya ayırma tablosu

         Hiçbir sorun bulamadı.
     
Dosya yapısı

         ScanDisk hiçbir sınama gerçekleştirmedi.
     
Yüzey taraması

         ScanDisk hiçbir sınama gerçekleştirmedi.
     


Microsoft ScanDisk


Günlük dosyası 01.08.2005, 13:29 tarihinde üretildi.

ScanDisk sürücü C sürücüsünün hatalarını inceledi ve şunları buldu:

Dizin yapısı

         Hiçbir sorun bulamadı.
     
Dosya ayırma tablosu

         Hiçbir sorun bulamadı.
     
Dosya yapısı

         Hiçbir sorun bulamadı.
     
Yüzey taraması

         ScanDisk hiçbir sınama gerçekleştirmedi.
     


Microsoft ScanDisk


Günlük dosyası 05.09.2005, 14:21 tarihinde üretildi.

ScanDisk sürücü C sürücüsünün hatalarını inceledi ve şunları buldu:

Dizin yapısı

         Hiçbir sorun bulamadı.
     
Dosya ayırma tablosu

         Hiçbir sorun bulamadı.
     
Dosya yapısı

         Hiçbir sorun bulamadı.
     
Yüzey taraması

         ScanDisk hiçbir sınama gerçekleştirmedi.
     


Microsoft ScanDisk


Günlük dosyası 18.10.2005, 10:29 tarihinde üretildi.

ScanDisk sürücü C sürücüsünün hatalarını inceledi ve şunları buldu:

Dizin yapısı

         Hiçbir sorun bulamadı.
     
Dosya ayırma tablosu

         Hiçbir sorun bulamadı.
     
Dosya yapısı

         Hiçbir sorun bulamadı.
     
Yüzey taraması

         ScanDisk hiçbir sınama gerçekleştirmedi.
     


Microsoft ScanDisk


Günlük dosyası 18.10.2005, 10:33 tarihinde üretildi.

ScanDisk sürücü C sürücüsünün hatalarını inceledi ve şunları buldu:

Dizin yapısı

         Hiçbir sorun bulamadı.
     
Dosya ayırma tablosu

         Hiçbir sorun bulamadı.
     
Dosya yapısı

         Hiçbir sorun bulamadı.
     
Yüzey taraması

         ScanDisk hiçbir sınama gerçekleştirmedi.
     


Microsoft ScanDisk


Günlük dosyası 21.10.2005, 09:12 tarihinde üretildi.

ScanDisk sürücü C sürücüsünün hatalarını inceledi ve şunları buldu:

Dizin yapısı

         Hiçbir sorun bulamadı.
     
Dosya ayırma tablosu

         Hiçbir sorun bulamadı.
     
Dosya yapısı

         Hiçbir sorun bulamadı.
     
Yüzey taraması

         ScanDisk hiçbir sınama gerçekleştirmedi.
     


Microsoft ScanDisk


Günlük dosyası 26.10.2005, 09:35 tarihinde üretildi.

ScanDisk sürücü C sürücüsünün hatalarını inceledi ve şunları buldu:

Dizin yapısı

         Hiçbir sorun bulamadı.
     
Dosya ayırma tablosu

         Hiçbir sorun bulamadı.
     
Dosya yapısı

         Hiçbir sorun bulamadı.
     
Yüzey taraması

         ScanDisk hiçbir sınama gerçekleştirmedi.
     


Microsoft ScanDisk


Günlük dosyası 09.03.2006, 14:06 tarihinde üretildi.

ScanDisk sürücü C sürücüsünün hatalarını inceledi ve şunları buldu:

Dizin yapısı

         Hiçbir sorun bulamadı.
     
Dosya ayırma tablosu

         Hiçbir sorun bulamadı.
     
Dosya yapısı

         Hiçbir sorun bulamadı.
     
Yüzey taraması

         ScanDisk hiçbir sınama gerçekleştirmedi.
     


Microsoft ScanDisk


Günlük dosyası 14.03.2007, 09:20 tarihinde üretildi.

ScanDisk sürücü C sürücüsünün hatalarını inceledi ve şunları buldu:

Dizin yapısı

         Hiçbir sorun bulamadı.
     
Dosya ayırma tablosu

         Hiçbir sorun bulamadı.
     
Dosya yapısı

         Hiçbir sorun bulamadı.
     
Yüzey taraması

         ScanDisk hiçbir sınama gerçekleştirmedi.
     


Microsoft ScanDisk


Günlük dosyası 26.07.2007, 10:34 tarihinde üretildi.

ScanDisk sürücü C sürücüsünün hatalarını inceledi ve şunları buldu:

Dizin yapısı

         Hiçbir sorun bulamadı.
     
Dosya ayırma tablosu

         Hiçbir sorun bulamadı.
     
Dosya yapısı

         Hiçbir sorun bulamadı.
     
Yüzey taraması

         ScanDisk hiçbir sınama gerçekleştirmedi.
     


Microsoft ScanDisk


Günlük dosyası 27.07.2007, 15:05 tarihinde üretildi.

ScanDisk sürücü C sürücüsünün hatalarını inceledi ve şunları buldu:

Dizin yapısı

         Hiçbir sorun bulamadı.
     
Dosya ayırma tablosu

         Hiçbir sorun bulamadı.
     
Dosya yapısı

         Hiçbir sorun bulamadı.
     
Yüzey taraması

         ScanDisk hiçbir sınama gerçekleştirmedi.
     


Microsoft ScanDisk


Günlük dosyası 30.07.2007, 09:57 tarihinde üretildi.

ScanDisk sürücü C sürücüsünün hatalarını inceledi ve şunları buldu:

Dizin yapısı

         Hiçbir sorun bulamadı.
     
Dosya ayırma tablosu

         Hiçbir sorun bulamadı.
     
Dosya yapısı

         Hiçbir sorun bulamadı.
     
Yüzey taraması

         ScanDisk hiçbir sınama gerçekleştirmedi.
     


Microsoft ScanDisk


Günlük dosyası 22.10.2007, 14:57 tarihinde üretildi.

ScanDisk sürücü C sürücüsünün hatalarını inceledi ve şunları buldu:

Dizin yapısı

         Hiçbir sorun bulamadı.
     
Dosya ayırma tablosu

         Hiçbir sorun bulamadı.
     
Dosya yapısı

         Hiçbir sorun bulamadı.
     
Yüzey taraması

         ScanDisk hiçbir sınama gerçekleştirmedi.
     


Microsoft ScanDisk


Günlük dosyası 02.01.2009, 10:42 tarihinde üretildi.

ScanDisk sürücü C sürücüsünün hatalarını inceledi ve şunları buldu:

Dizin yapısı

         Hiçbir sorun bulamadı.
     
Dosya ayırma tablosu

         Hiçbir sorun bulamadı.
     
Dosya yapısı

         Hiçbir sorun bulamadı.
     
Yüzey taraması

         ScanDisk hiçbir sınama gerçekleştirmedi.
     


Microsoft ScanDisk


Günlük dosyası 05.01.2009, 10:36 tarihinde üretildi.

ScanDisk sürücü C sürücüsünün hatalarını inceledi ve şunları buldu:

Dizin yapısı

         Hiçbir sorun bulamadı.
     
Dosya ayırma tablosu

         Hiçbir sorun bulamadı.
     
Dosya yapısı

         Hiçbir sorun bulamadı.
     
Yüzey taraması

         ScanDisk hiçbir sınama gerçekleştirmedi.
     


Microsoft ScanDisk


Günlük dosyası 06.01.2009, 10:46 tarihinde üretildi.

ScanDisk sürücü C sürücüsünün hatalarını inceledi ve şunları buldu:

Dizin yapısı

         Hiçbir sorun bulamadı.
     
Dosya ayırma tablosu

         Hiçbir sorun bulamadı.
     
Dosya yapısı

         Hiçbir sorun bulamadı.
     
Yüzey taraması

         ScanDisk hiçbir sınama gerçekleştirmedi.
     


Microsoft ScanDisk


Günlük dosyası 06.01.2009, 20:34 tarihinde üretildi.

ScanDisk sürücü C sürücüsünün hatalarını inceledi ve şunları buldu:

Dizin yapısı

         Hiçbir sorun bulamadı.
     
Dosya ayırma tablosu

         Hiçbir sorun bulamadı.
     
Dosya yapısı

         Hiçbir sorun bulamadı.
     
Yüzey taraması

         ScanDisk hiçbir sınama gerçekleştirmedi.
     


Microsoft ScanDisk


Günlük dosyası 07.01.2009, 10:31 tarihinde üretildi.

ScanDisk sürücü C sürücüsünün hatalarını inceledi ve şunları buldu:

Dizin yapısı

         Hiçbir sorun bulamadı.
     
Dosya ayırma tablosu

         Hiçbir sorun bulamadı.
     
Dosya yapısı

         Hiçbir sorun bulamadı.
     
Yüzey taraması

         ScanDisk hiçbir sınama gerçekleştirmedi.
     


Microsoft ScanDisk


Günlük dosyası 07.01.2009, 18:38 tarihinde üretildi.

ScanDisk sürücü C sürücüsünün hatalarını inceledi ve şunları buldu:

Dizin yapısı

         Hiçbir sorun bulamadı.
     
Dosya ayırma tablosu

         Hiçbir sorun bulamadı.
     
Dosya yapısı

         Hiçbir sorun bulamadı.
     
Yüzey taraması

         ScanDisk hiçbir sınama gerçekleştirmedi.
     


Microsoft ScanDisk


Günlük dosyası 08.01.2009, 10:37 tarihinde üretildi.

ScanDisk sürücü C sürücüsünün hatalarını inceledi ve şunları buldu:

Dizin yapısı

         Hiçbir sorun bulamadı.
     
Dosya ayırma tablosu

         Hiçbir sorun bulamadı.
     
Dosya yapısı

         Hiçbir sorun bulamadı.
     
Yüzey taraması

         ScanDisk hiçbir sınama gerçekleştirmedi.
     


Microsoft ScanDisk


Günlük dosyası 09.01.2009, 10:51 tarihinde üretildi.

ScanDisk sürücü C sürücüsünün hatalarını inceledi ve şunları buldu:

Dizin yapısı

         Hiçbir sorun bulamadı.
     
Dosya ayırma tablosu

         Hiçbir sorun bulamadı.
     
Dosya yapısı

         Hiçbir sorun bulamadı.
     
Yüzey taraması

         ScanDisk hiçbir sınama gerçekleştirmedi.
     


Microsoft ScanDisk


Günlük dosyası 12.01.2009, 10:47 tarihinde üretildi.

ScanDisk sürücü C sürücüsünün hatalarını inceledi ve şunları buldu:

Dizin yapısı

         Hiçbir sorun bulamadı.
     
Dosya ayırma tablosu

         Hiçbir sorun bulamadı.
     
Dosya yapısı

         Hiçbir sorun bulamadı.
     
Yüzey taraması

         ScanDisk hiçbir sınama gerçekleştirmedi.
     


Microsoft ScanDisk


Günlük dosyası 13.01.2009, 10:51 tarihinde üretildi.

ScanDisk sürücü C sürücüsünün hatalarını inceledi ve şunları buldu:

Dizin yapısı

         Hiçbir sorun bulamadı.
     
Dosya ayırma tablosu

         Hiçbir sorun bulamadı.
     
Dosya yapısı

         Hiçbir sorun bulamadı.
     
Yüzey taraması

         ScanDisk hiçbir sınama gerçekleştirmedi.
     


Microsoft ScanDisk


Günlük dosyası 13.01.2009, 18:44 tarihinde üretildi.

ScanDisk sürücü C sürücüsünün hatalarını inceledi ve şunları buldu:

Dizin yapısı

         Hiçbir sorun bulamadı.
     
Dosya ayırma tablosu

         Hiçbir sorun bulamadı.
     
Dosya yapısı

         Hiçbir sorun bulamadı.
     
Yüzey taraması

         ScanDisk hiçbir sınama gerçekleştirmedi.
     


Microsoft ScanDisk


Günlük dosyası 14.01.2009, 10:45 tarihinde üretildi.

ScanDisk sürücü C sürücüsünün hatalarını inceledi ve şunları buldu:

Dizin yapısı

         Hiçbir sorun bulamadı.
     
Dosya ayırma tablosu

         Hiçbir sorun bulamadı.
     
Dosya yapısı

         Hiçbir sorun bulamadı.
     
Yüzey taraması

         ScanDisk hiçbir sınama gerçekleştirmedi.
     


Microsoft ScanDisk


Günlük dosyası 14.01.2009, 16:22 tarihinde üretildi.

ScanDisk sürücü C sürücüsünün hatalarını inceledi ve şunları buldu:

Dizin yapısı

         Hiçbir sorun bulamadı.
     
Dosya ayırma tablosu

         Hiçbir sorun bulamadı.
     
Dosya yapısı

         Hiçbir sorun bulamadı.
     
Yüzey taraması

         ScanDisk hiçbir sınama gerçekleştirmedi.
     


Microsoft ScanDisk


Günlük dosyası 15.01.2009, 10:37 tarihinde üretildi.

ScanDisk sürücü C sürücüsünün hatalarını inceledi ve şunları buldu:

Dizin yapısı

         Hiçbir sorun bulamadı.
     
Dosya ayırma tablosu

         Hiçbir sorun bulamadı.
     
Dosya yapısı

         Hiçbir sorun bulamadı.
     
Yüzey taraması

         ScanDisk hiçbir sınama gerçekleştirmedi.
     


Microsoft ScanDisk


Günlük dosyası 10.09.2009, 10:40 tarihinde üretildi.

ScanDisk sürücü C sürücüsünün hatalarını inceledi ve şunları buldu:

Dizin yapısı

         Hiçbir sorun bulamadı.
     
Dosya ayırma tablosu

         Hiçbir sorun bulamadı.
     
Dosya yapısı

         Hiçbir sorun bulamadı.
     
Yüzey taraması

         ScanDisk hiçbir sınama gerçekleştirmedi.
     


Microsoft ScanDisk


Günlük dosyası 21.10.2009, 19:13 tarihinde üretildi.

ScanDisk sürücü C sürücüsünün hatalarını inceledi ve şunları buldu:

Dizin yapısı

         Hiçbir sorun bulamadı.
     
Dosya ayırma tablosu

         Hiçbir sorun bulamadı.
     
Dosya yapısı

         Hiçbir sorun bulamadı.
     
Yüzey taraması

         ScanDisk hiçbir sınama gerçekleştirmedi.
     


Microsoft ScanDisk


Günlük dosyası 22.10.2009, 10:46 tarihinde üretildi.

ScanDisk sürücü C sürücüsünün hatalarını inceledi ve şunları buldu:

Dizin yapısı

         Hiçbir sorun bulamadı.
     
Dosya ayırma tablosu

         Hiçbir sorun bulamadı.
     
Dosya yapısı

         Hiçbir sorun bulamadı.
     
Yüzey taraması

         ScanDisk hiçbir sınama gerçekleştirmedi.
     


Microsoft ScanDisk


Günlük dosyası 21.10.2011, 15:27 tarihinde üretildi.

ScanDisk sürücü C sürücüsünün hatalarını inceledi ve şunları buldu:

Dizin yapısı

         Hiçbir sorun bulamadı.
     
Dosya ayırma tablosu

         Hiçbir sorun bulamadı.
     
Dosya yapısı

         Hiçbir sorun bulamadı.
     
Yüzey taraması

         ScanDisk hiçbir sınama gerçekleştirmedi.
     


Microsoft ScanDisk


Günlük dosyası 28.02.2012, 13:22 tarihinde üretildi.

ScanDisk sürücü C sürücüsünün hatalarını inceledi ve şunları buldu:

Dizin yapısı

         Hiçbir sorun bulamadı.
     
Dosya ayırma tablosu

         Hiçbir sorun bulamadı.
     
Dosya yapısı

         Hiçbir sorun bulamadı.
     
Yüzey taraması

         ScanDisk hiçbir sınama gerçekleştirmedi.
     


Microsoft ScanDisk


Günlük dosyası 31.01.2017, 22:10 tarihinde üretildi.

ScanDisk sürücü C sürücüsünün hatalarını inceledi ve şunları buldu:

Dizin yapısı

         Hiçbir sorun bulamadı.
     
Dosya ayırma tablosu

         Hiçbir sorun bulamadı.
     
Dosya yapısı

         Hiçbir sorun bulamadı.
     
Yüzey taraması

         ScanDisk hiçbir sınama gerçekleştirmedi.
     


Microsoft ScanDisk


Günlük dosyası 01.02.2017, 13:42 tarihinde üretildi.

ScanDisk sürücü C sürücüsünün hatalarını inceledi ve şunları buldu:

Dizin yapısı

         Hiçbir sorun bulamadı.
     
Dosya ayırma tablosu

         Hiçbir sorun bulamadı.
     
Dosya yapısı

         Hiçbir sorun bulamadı.
     
Yüzey taraması

         ScanDisk hiçbir sınama gerçekleştirmedi.
     


Microsoft ScanDisk


Günlük dosyası 01.02.2017, 12:51 tarihinde üretildi.

ScanDisk sürücü C sürücüsünün hatalarını inceledi ve şunları buldu:

Dizin yapısı

         Hiçbir sorun bulamadı.
     
Dosya ayırma tablosu

         Hiçbir sorun bulamadı.
     
Dosya yapısı

         Hiçbir sorun bulamadı.
     
Yüzey taraması

         ScanDisk hiçbir sınama gerçekleştirmedi.
     


Microsoft ScanDisk


Günlük dosyası 20.10.2017, 10:36 tarihinde üretildi.

ScanDisk sürücü C sürücüsünün hatalarını inceledi ve şunları buldu:

Dizin yapısı

         Hiçbir sorun bulamadı.
     
Dosya ayırma tablosu

         Hiçbir sorun bulamadı.
     
Dosya yapısı

         Hiçbir sorun bulamadı.
     
Yüzey taraması

         ScanDisk hiçbir sınama gerçekleştirmedi.
     
