-------------------------------------------
VERSION=Version 96.04.24 18:14:00            
*** LICENSE ***
~A~gree to the License
*** PCP ***
~O~K
*** PRINTER NOT FOUND ***
~O~K
*** TSHOOT1 ***
~C~heck
*** TSHOOT2 ***
~S~kip
*** SKIP (WARNING) ***
~S~kip Anyway
Microsoft (R) File Expansion Utility  Version 2.00
Copyright (C) Microsoft Corp 1990-1992.  All rights reserved.

Expanding djcp.ex_ to c:\deskjet\djcp.exe.
djcp.ex_: 74624 bytes expanded to 126848 bytes, 69% increase.
Microsoft (R) File Expansion Utility  Version 2.00
Copyright (C) Microsoft Corp 1990-1992.  All rights reserved.

Expanding djcptsr.ex_ to c:\deskjet\djcptsr.exe.
djcptsr.ex_: 26155 bytes expanded to 33404 bytes, 27% increase.
Microsoft (R) File Expansion Utility  Version 2.00
Copyright (C) Microsoft Corp 1990-1992.  All rights reserved.

Expanding djcp.st_ to c:\deskjet\djcp.str.
djcp.st_: 8802 bytes expanded to 21681 bytes, 146% increase.
Microsoft (R) File Expansion Utility  Version 2.00
Copyright (C) Microsoft Corp 1990-1992.  All rights reserved.

Expanding alignpat.da_ to c:\deskjet\alignpat.dat.
alignpat.da_: 2453 bytes expanded to 14577 bytes, 494% increase.
Microsoft (R) File Expansion Utility  Version 2.00
Copyright (C) Microsoft Corp 1990-1992.  All rights reserved.

Expanding alignbox.da_ to c:\deskjet\alignbox.dat.
alignbox.da_: 1608 bytes expanded to 10367 bytes, 544% increase.
Microsoft (R) File Expansion Utility  Version 2.00
Copyright (C) Microsoft Corp 1990-1992.  All rights reserved.

Expanding align1.da_ to c:\deskjet\align1.dat.
align1.da_: 3762 bytes expanded to 24640 bytes, 554% increase.
Microsoft (R) File Expansion Utility  Version 2.00
Copyright (C) Microsoft Corp 1990-1992.  All rights reserved.

Expanding align2.da_ to c:\deskjet\align2.dat.
align2.da_: 1661 bytes expanded to 10057 bytes, 505% increase.
Microsoft (R) File Expansion Utility  Version 2.00
Copyright (C) Microsoft Corp 1990-1992.  All rights reserved.

Expanding align3.da_ to c:\deskjet\align3.dat.
align3.da_: 768 bytes expanded to 2464 bytes, 220% increase.
Microsoft (R) File Expansion Utility  Version 2.00
Copyright (C) Microsoft Corp 1990-1992.  All rights reserved.

Expanding align4.da_ to c:\deskjet\align4.dat.
align4.da_: 1558 bytes expanded to 8269 bytes, 430% increase.
Microsoft (R) File Expansion Utility  Version 2.00
Copyright (C) Microsoft Corp 1990-1992.  All rights reserved.

Copying readme2.txt to c:\deskjet\readme2.txt.
readme2.txt: 8400 bytes copied.
Setting printer character set
*** MSGBOX ***
~O~K
*** AUTO ***
E~x~it
*** INCOMPLT ***
Go ~B~ack
*** AUTO ***
~M~odify
*** MSGBOX ***
~O~K
*** SUMMARY ***
~O~K
*** Reboot ***
~R~eboot
 
